#-----------------------------------------------------------
# Vivado v2020.2 (64-bit)
# SW Build 3064766 on Wed Nov 18 09:12:45 MST 2020
# IP Build 3064653 on Wed Nov 18 14:17:31 MST 2020
# Start of session at: Thu Apr 15 10:05:42 2021
# Process ID: 12944
# Current directory: C:/Users/wingk/Desktop/Vivado/project_3
# Command line: vivado.exe -gui_launcher_event rodinguilauncherevent3432 C:\Users\wingk\Desktop\Vivado\project_3\project_3.xpr
# Log file: C:/Users/wingk/Desktop/Vivado/project_3/vivado.log
# Journal file: C:/Users/wingk/Desktop/Vivado/project_3\vivado.jou
#-----------------------------------------------------------
start_gui
open_project C:/Users/wingk/Desktop/Vivado/project_3/project_3.xpr
INFO: [Project 1-313] Project file moved from 'C:/Users/wingk/Desktop/project_3' since last save.
WARNING: [filemgmt 56-2] Default IP Output Path : Could not find the directory 'C:/Users/wingk/Desktop/Vivado/project_3/project_3.gen/sources_1', nor could it be found using path 'C:/Users/wingk/Desktop/project_3/project_3.gen/sources_1'.
Scanning sources...
Finished scanning sources
INFO: [IP_Flow 19-234] Refreshing IP repositories
INFO: [IP_Flow 19-1704] No user IP repositories specified
INFO: [IP_Flow 19-2313] Loaded Vivado IP repository 'C:/Xilinx/Vivado/2020.2/data/ip'.
open_project: Time (s): cpu = 00:00:12 ; elapsed = 00:00:07 . Memory (MB): peak = 1004.648 ; gain = 0.000
update_compile_order -fileset sources_1
open_run synth_1 -name synth_1
Design is defaulting to impl run constrset: constrs_1
Design is defaulting to synth run part: xc7a75tfgg484-1
INFO: [Device 21-403] Loading part xc7a75tfgg484-1
Netlist sorting complete. Time (s): cpu = 00:00:00 ; elapsed = 00:00:00 . Memory (MB): peak = 1063.895 ; gain = 0.000
INFO: [Project 1-479] Netlist was created with Vivado 2020.2
INFO: [Project 1-570] Preparing netlist for logic optimization
INFO: [Opt 31-138] Pushed 0 inverter(s) to 0 load pin(s).
Netlist sorting complete. Time (s): cpu = 00:00:00 ; elapsed = 00:00:00 . Memory (MB): peak = 1145.332 ; gain = 0.000
INFO: [Project 1-111] Unisim Transformation Summary:
No Unisim elements were transformed.

open_run: Time (s): cpu = 00:00:17 ; elapsed = 00:00:20 . Memory (MB): peak = 1294.293 ; gain = 289.645
launch_simulation
Command: launch_simulation 
INFO: [Vivado 12-5682] Launching behavioral simulation in 'C:/Users/wingk/Desktop/Vivado/project_3/project_3.sim/sim_1/behav/xsim'
INFO: [SIM-utils-51] Simulation object is 'sim_1'
INFO: [SIM-utils-54] Inspecting design source files for 'ha_tb' in fileset 'sim_1'...
INFO: [USF-XSim-97] Finding global include files...
INFO: [USF-XSim-98] Fetching design files from 'sim_1'...
INFO: [USF-XSim-2] XSim::Compile design
INFO: [USF-XSim-61] Executing 'COMPILE and ANALYZE' step in 'C:/Users/wingk/Desktop/Vivado/project_3/project_3.sim/sim_1/behav/xsim'
"xvlog --incr --relax -prj ha_tb_vlog.prj"
INFO: [VRFC 10-2263] Analyzing Verilog file "C:/Users/wingk/Desktop/Vivado/project_3/project_3.srcs/sources_1/new/ha.v" into library xil_defaultlib
INFO: [VRFC 10-311] analyzing module ha
INFO: [VRFC 10-2263] Analyzing Verilog file "C:/Users/wingk/Desktop/Vivado/project_3/project_3.srcs/sim_1/new/ha_tb.v" into library xil_defaultlib
INFO: [VRFC 10-311] analyzing module ha_tb
INFO: [VRFC 10-2263] Analyzing Verilog file "C:/Users/wingk/Desktop/Vivado/project_3/project_3.sim/sim_1/behav/xsim/glbl.v" into library xil_defaultlib
INFO: [VRFC 10-311] analyzing module glbl
INFO: [USF-XSim-69] 'compile' step finished in '2' seconds
INFO: [USF-XSim-3] XSim::Elaborate design
INFO: [USF-XSim-61] Executing 'ELABORATE' step in 'C:/Users/wingk/Desktop/Vivado/project_3/project_3.sim/sim_1/behav/xsim'
"xelab -wto ea95a9323bef407ab4f6c30f1b0e5da9 --incr --debug typical --relax --mt 2 -L xil_defaultlib -L unisims_ver -L unimacro_ver -L secureip --snapshot ha_tb_behav xil_defaultlib.ha_tb xil_defaultlib.glbl -log elaborate.log"
Vivado Simulator 2020.2
Copyright 1986-1999, 2001-2020 Xilinx, Inc. All Rights Reserved.
Running: C:/Xilinx/Vivado/2020.2/bin/unwrapped/win64.o/xelab.exe -wto ea95a9323bef407ab4f6c30f1b0e5da9 --incr --debug typical --relax --mt 2 -L xil_defaultlib -L unisims_ver -L unimacro_ver -L secureip --snapshot ha_tb_behav xil_defaultlib.ha_tb xil_defaultlib.glbl -log elaborate.log 
Using 2 slave threads.
Starting static elaboration
Pass Through NonSizing Optimizer
Completed static elaboration
Starting simulation data flow analysis
Completed simulation data flow analysis
Time Resolution for simulation is 1ps
Compiling module xil_defaultlib.ha
Compiling module xil_defaultlib.ha_tb
Compiling module xil_defaultlib.glbl
Built simulation snapshot ha_tb_behav

****** Webtalk v2020.2 (64-bit)
  **** SW Build 3064766 on Wed Nov 18 09:12:45 MST 2020
  **** IP Build 3064653 on Wed Nov 18 14:17:31 MST 2020
    ** Copyright 1986-2020 Xilinx, Inc. All Rights Reserved.

source C:/Users/wingk/Desktop/Vivado/project_3/project_3.sim/sim_1/behav/xsim/xsim.dir/ha_tb_behav/webtalk/xsim_webtalk.tcl -notrace
INFO: [Common 17-206] Exiting Webtalk at Thu Apr 15 10:21:51 2021...
run_program: Time (s): cpu = 00:00:01 ; elapsed = 00:00:07 . Memory (MB): peak = 1721.402 ; gain = 0.000
INFO: [USF-XSim-69] 'elaborate' step finished in '7' seconds
INFO: [USF-XSim-4] XSim::Simulate design
INFO: [USF-XSim-61] Executing 'SIMULATE' step in 'C:/Users/wingk/Desktop/Vivado/project_3/project_3.sim/sim_1/behav/xsim'
INFO: [USF-XSim-98] *** Running xsim
   with args "ha_tb_behav -key {Behavioral:sim_1:Functional:ha_tb} -tclbatch {ha_tb.tcl} -log {simulate.log}"
INFO: [USF-XSim-8] Loading simulator feature
Vivado Simulator 2020.2
Time resolution is 1 ps
source ha_tb.tcl
# set curr_wave [current_wave_config]
# if { [string length $curr_wave] == 0 } {
#   if { [llength [get_objects]] > 0} {
#     add_wave /
#     set_property needs_save false [current_wave_config]
#   } else {
#      send_msg_id Add_Wave-1 WARNING "No top level signals found. Simulator will start without a wave window. If you want to open a wave window go to 'File->New Waveform Configuration' or type 'create_wave_config' in the TCL console."
#   }
# }
# run 1000ns
$stop called at time : 1 us : File "C:/Users/wingk/Desktop/Vivado/project_3/project_3.srcs/sim_1/new/ha_tb.v" Line 34
INFO: [USF-XSim-96] XSim completed. Design snapshot 'ha_tb_behav' loaded.
INFO: [USF-XSim-97] XSim simulation ran for 1000ns
launch_simulation: Time (s): cpu = 00:00:10 ; elapsed = 00:00:13 . Memory (MB): peak = 1799.277 ; gain = 78.492
synth_design -rtl -rtl_skip_mlo -name rtl_1
Command: synth_design -rtl -rtl_skip_mlo -name rtl_1
Starting synth_design
Using part: xc7a75tfgg484-1
Top: ha
---------------------------------------------------------------------------------
Starting RTL Elaboration : Time (s): cpu = 00:00:05 ; elapsed = 00:00:05 . Memory (MB): peak = 2030.461 ; gain = 226.672
---------------------------------------------------------------------------------
INFO: [Synth 8-6157] synthesizing module 'ha' [C:/Users/wingk/Desktop/Vivado/project_3/project_3.srcs/sources_1/new/ha.v:23]
INFO: [Synth 8-6155] done synthesizing module 'ha' (1#1) [C:/Users/wingk/Desktop/Vivado/project_3/project_3.srcs/sources_1/new/ha.v:23]
---------------------------------------------------------------------------------
Finished RTL Elaboration : Time (s): cpu = 00:00:06 ; elapsed = 00:00:06 . Memory (MB): peak = 2082.426 ; gain = 278.637
---------------------------------------------------------------------------------
---------------------------------------------------------------------------------
Start Handling Custom Attributes
---------------------------------------------------------------------------------
---------------------------------------------------------------------------------
Finished Handling Custom Attributes : Time (s): cpu = 00:00:06 ; elapsed = 00:00:06 . Memory (MB): peak = 2104.246 ; gain = 300.457
---------------------------------------------------------------------------------
---------------------------------------------------------------------------------
Finished RTL Optimization Phase 1 : Time (s): cpu = 00:00:06 ; elapsed = 00:00:06 . Memory (MB): peak = 2104.246 ; gain = 300.457
---------------------------------------------------------------------------------
Netlist sorting complete. Time (s): cpu = 00:00:00 ; elapsed = 00:00:00 . Memory (MB): peak = 2104.246 ; gain = 0.000
INFO: [Project 1-570] Preparing netlist for logic optimization

Processing XDC Constraints
Initializing timing engine
Completed Processing XDC Constraints

Netlist sorting complete. Time (s): cpu = 00:00:00 ; elapsed = 00:00:00 . Memory (MB): peak = 2144.242 ; gain = 0.000
INFO: [Project 1-111] Unisim Transformation Summary:
No Unisim elements were transformed.

RTL Elaboration Complete:  : Time (s): cpu = 00:00:12 ; elapsed = 00:00:09 . Memory (MB): peak = 2159.566 ; gain = 355.777
4 Infos, 0 Warnings, 0 Critical Warnings and 0 Errors encountered.
synth_design completed successfully
synth_design: Time (s): cpu = 00:00:13 ; elapsed = 00:00:10 . Memory (MB): peak = 2159.566 ; gain = 355.777
launch_runs impl_1 -jobs 3
[Thu Apr 15 10:34:06 2021] Launched impl_1...
Run output will be captured here: C:/Users/wingk/Desktop/Vivado/project_3/project_3.runs/impl_1/runme.log
open_run impl_1
Netlist sorting complete. Time (s): cpu = 00:00:00 ; elapsed = 00:00:00 . Memory (MB): peak = 2241.848 ; gain = 0.000
INFO: [Project 1-479] Netlist was created with Vivado 2020.2
INFO: [Project 1-570] Preparing netlist for logic optimization
Reading XDEF placement.
Reading placer database...
Reading XDEF routing.
Read XDEF File: Time (s): cpu = 00:00:00 ; elapsed = 00:00:00.031 . Memory (MB): peak = 2260.621 ; gain = 0.355
Restored from archive | CPU: 0.000000 secs | Memory: 0.000000 MB |
Finished XDEF File Restore: Time (s): cpu = 00:00:00 ; elapsed = 00:00:00.032 . Memory (MB): peak = 2260.621 ; gain = 0.355
Netlist sorting complete. Time (s): cpu = 00:00:00 ; elapsed = 00:00:00 . Memory (MB): peak = 2260.621 ; gain = 0.000
INFO: [Project 1-111] Unisim Transformation Summary:
No Unisim elements were transformed.

WARNING: [Timing 38-313] There are no user specified timing constraints. Timing constraints are needed for proper timing analysis.
file mkdir C:/Users/wingk/Desktop/Vivado/project_3/project_3.srcs/constrs_1
file mkdir C:/Users/wingk/Desktop/Vivado/project_3/project_3.srcs/constrs_1/new
close [ open C:/Users/wingk/Desktop/Vivado/project_3/project_3.srcs/constrs_1/new/ha.xdc w ]
add_files -fileset constrs_1 C:/Users/wingk/Desktop/Vivado/project_3/project_3.srcs/constrs_1/new/ha.xdc
export_ip_user_files -of_objects  [get_files C:/Users/wingk/Desktop/Vivado/project_3/project_3.srcs/constrs_1/new/ha.xdc] -no_script -reset -force -quiet
remove_files  -fileset constrs_1 C:/Users/wingk/Desktop/Vivado/project_3/project_3.srcs/constrs_1/new/ha.xdc
current_design rtl_1
place_ports a N20
set_property IOSTANDARD LVCMOS33 [get_ports [list a]]
set_property IOSTANDARD LVCMOS33 [get_ports [list b]]
set_property IOSTANDARD LVCMOS33 [get_ports [list c]]
set_property IOSTANDARD LVCMOS33 [get_ports [list s]]
place_ports b M22
place_ports c Y18
place_ports s AA18
reset_run synth_1
WARNING: [Vivado 12-1017] Problems encountered:
1. Failed to delete one or more files in run directory C:/Users/wingk/Desktop/Vivado/project_3/project_3.runs/synth_1

launch_runs impl_1 -jobs 3
WARNING: [Project 1-478] Design 'synth_1' is stale and will not be used when launching 'impl_1'
[Thu Apr 15 10:41:01 2021] Launched synth_1...
Run output will be captured here: C:/Users/wingk/Desktop/Vivado/project_3/project_3.runs/synth_1/runme.log
[Thu Apr 15 10:41:01 2021] Launched impl_1...
Run output will be captured here: C:/Users/wingk/Desktop/Vivado/project_3/project_3.runs/impl_1/runme.log
current_design impl_1
place_ports a N20
set_property IOSTANDARD LVCMOS33 [get_ports [list a]]
set_property IOSTANDARD LVCMOS33 [get_ports [list b]]
set_property IOSTANDARD LVCMOS33 [get_ports [list c]]
set_property IOSTANDARD LVCMOS33 [get_ports [list s]]
place_ports b M22
place_ports c Y18
place_ports s AA18
refresh_design
Netlist sorting complete. Time (s): cpu = 00:00:00 ; elapsed = 00:00:00 . Memory (MB): peak = 2467.750 ; gain = 0.000
INFO: [Project 1-479] Netlist was created with Vivado 2020.2
INFO: [Project 1-570] Preparing netlist for logic optimization
Reading XDEF placement.
Reading placer database...
Reading XDEF routing.
Read XDEF File: Time (s): cpu = 00:00:00 ; elapsed = 00:00:00.035 . Memory (MB): peak = 2467.750 ; gain = 0.000
Restored from archive | CPU: 0.000000 secs | Memory: 0.000000 MB |
Finished XDEF File Restore: Time (s): cpu = 00:00:00 ; elapsed = 00:00:00.035 . Memory (MB): peak = 2467.750 ; gain = 0.000
refresh_design: Time (s): cpu = 00:00:08 ; elapsed = 00:00:05 . Memory (MB): peak = 2467.750 ; gain = 9.156
WARNING: [Timing 38-313] There are no user specified timing constraints. Timing constraints are needed for proper timing analysis.
current_design rtl_1
close [ open C:/Users/wingk/Desktop/Vivado/project_3/project_3.srcs/constrs_1/new/ha.xdc w ]
add_files -fileset constrs_1 C:/Users/wingk/Desktop/Vivado/project_3/project_3.srcs/constrs_1/new/ha.xdc
set_property target_constrs_file C:/Users/wingk/Desktop/Vivado/project_3/project_3.srcs/constrs_1/new/ha.xdc [current_fileset -constrset]
save_constraints -force
reset_run impl_1
launch_runs impl_1 -jobs 3
WARNING: [Project 1-478] Design 'synth_1' is stale and will not be used when launching 'impl_1'
[Thu Apr 15 11:11:34 2021] Launched impl_1...
Run output will be captured here: C:/Users/wingk/Desktop/Vivado/project_3/project_3.runs/impl_1/runme.log
reset_run synth_1
WARNING: [Vivado 12-1017] Problems encountered:
1. Failed to delete one or more files in run directory C:/Users/wingk/Desktop/Vivado/project_3/project_3.runs/synth_1

launch_runs impl_1 -jobs 3
WARNING: [Project 1-478] Design 'synth_1' is stale and will not be used when launching 'impl_1'
[Thu Apr 15 11:11:49 2021] Launched synth_1...
Run output will be captured here: C:/Users/wingk/Desktop/Vivado/project_3/project_3.runs/synth_1/runme.log
[Thu Apr 15 11:11:49 2021] Launched impl_1...
Run output will be captured here: C:/Users/wingk/Desktop/Vivado/project_3/project_3.runs/impl_1/runme.log
current_design impl_1
current_design rtl_1
place_ports c V22
place_ports s U21
startgroup
set_property package_pin "" [get_ports [list  b]]
place_ports a M22
endgroup
place_ports b N20
save_constraints
reset_run impl_1
launch_runs impl_1 -jobs 3
WARNING: [Project 1-478] Design 'synth_1' is stale and will not be used when launching 'impl_1'
[Thu Apr 15 11:15:59 2021] Launched impl_1...
Run output will be captured here: C:/Users/wingk/Desktop/Vivado/project_3/project_3.runs/impl_1/runme.log
current_design impl_1
reset_run synth_1
WARNING: [Vivado 12-1017] Problems encountered:
1. Failed to delete one or more files in run directory C:/Users/wingk/Desktop/Vivado/project_3/project_3.runs/synth_1

launch_runs synth_1 -jobs 3
[Thu Apr 15 11:18:16 2021] Launched synth_1...
Run output will be captured here: C:/Users/wingk/Desktop/Vivado/project_3/project_3.runs/synth_1/runme.log
launch_runs impl_1 -jobs 3
WARNING: [Project 1-478] Design 'synth_1' is stale and will not be used when launching 'impl_1'
[Thu Apr 15 11:19:09 2021] Launched impl_1...
Run output will be captured here: C:/Users/wingk/Desktop/Vivado/project_3/project_3.runs/impl_1/runme.log
current_design rtl_1
current_design synth_1
refresh_design
Netlist sorting complete. Time (s): cpu = 00:00:00 ; elapsed = 00:00:00 . Memory (MB): peak = 2555.270 ; gain = 0.000
INFO: [Project 1-479] Netlist was created with Vivado 2020.2
INFO: [Project 1-570] Preparing netlist for logic optimization
Parsing XDC File [C:/Users/wingk/Desktop/Vivado/project_3/project_3.srcs/constrs_1/new/ha.xdc]
Finished Parsing XDC File [C:/Users/wingk/Desktop/Vivado/project_3/project_3.srcs/constrs_1/new/ha.xdc]
INFO: [Opt 31-138] Pushed 0 inverter(s) to 0 load pin(s).
refresh_design: Time (s): cpu = 00:00:07 ; elapsed = 00:00:05 . Memory (MB): peak = 2555.270 ; gain = 8.820
launch_runs impl_1 -to_step write_bitstream -jobs 3
[Thu Apr 15 11:21:31 2021] Launched impl_1...
Run output will be captured here: C:/Users/wingk/Desktop/Vivado/project_3/project_3.runs/impl_1/runme.log
open_hw_manager
connect_hw_server -allow_non_jtag
INFO: [Labtools 27-2285] Connecting to hw_server url TCP:localhost:3121
INFO: [Labtools 27-2222] Launching hw_server...
INFO: [Labtools 27-2221] Launch Output:

****** Xilinx hw_server v2020.2
  **** Build date : Nov 18 2020 at 10:01:48
    ** Copyright 1986-2020 Xilinx, Inc. All Rights Reserved.


INFO: [Labtools 27-3415] Connecting to cs_server url TCP:localhost:3042
INFO: [Labtools 27-3417] Launching cs_server...
INFO: [Labtools 27-2221] Launch Output:


******** Xilinx cs_server v2020.2
  ****** Build date   : Nov 04 2020-06:02:56
    **** Build number : 2020.2.1604437376
      ** Copyright 2017-2020 Xilinx, Inc. All Rights Reserved.



connect_hw_server: Time (s): cpu = 00:00:00 ; elapsed = 00:00:16 . Memory (MB): peak = 2570.324 ; gain = 1.727
disconnect_hw_server localhost:3121
connect_hw_server -allow_non_jtag
INFO: [Labtools 27-2285] Connecting to hw_server url TCP:localhost:3121
INFO: [Labtools 27-3415] Connecting to cs_server url TCP:localhost:3042
INFO: [Labtools 27-3414] Connected to existing cs_server.
disconnect_hw_server localhost:3121
connect_hw_server -allow_non_jtag
INFO: [Labtools 27-2285] Connecting to hw_server url TCP:localhost:3121
INFO: [Labtools 27-3415] Connecting to cs_server url TCP:localhost:3042
INFO: [Labtools 27-3414] Connected to existing cs_server.
open_hw_target
INFO: [Labtoolstcl 44-466] Opening hw_target localhost:3121/xilinx_tcf/Digilent/210308AC4C20
open_hw_target: Time (s): cpu = 00:00:05 ; elapsed = 00:00:06 . Memory (MB): peak = 4135.559 ; gain = 1565.234
set_property PROGRAM.FILE {C:/Users/wingk/Desktop/Vivado/project_3/project_3.runs/impl_1/ha.bit} [get_hw_devices xc7a75t_0]
current_hw_device [get_hw_devices xc7a75t_0]
refresh_hw_device -update_hw_probes false [lindex [get_hw_devices xc7a75t_0] 0]
INFO: [Labtools 27-1434] Device xc7a75t (JTAG device index = 0) is programmed with a design that has no supported debug core(s) in it.
set_property PROBES.FILE {} [get_hw_devices xc7a75t_0]
set_property FULL_PROBES.FILE {} [get_hw_devices xc7a75t_0]
set_property PROGRAM.FILE {C:/Users/wingk/Desktop/Vivado/project_3/project_3.runs/impl_1/ha.bit} [get_hw_devices xc7a75t_0]
program_hw_devices [get_hw_devices xc7a75t_0]
INFO: [Labtools 27-3164] End of startup status: HIGH
refresh_hw_device [lindex [get_hw_devices xc7a75t_0] 0]
INFO: [Labtools 27-1434] Device xc7a75t (JTAG device index = 0) is programmed with a design that has no supported debug core(s) in it.
set_property PROBES.FILE {} [get_hw_devices xc7a75t_0]
set_property FULL_PROBES.FILE {} [get_hw_devices xc7a75t_0]
set_property PROGRAM.FILE {C:/Users/wingk/Desktop/Vivado/project_3/project_3.runs/impl_1/ha.bit} [get_hw_devices xc7a75t_0]
program_hw_devices [get_hw_devices xc7a75t_0]
INFO: [Labtools 27-3164] End of startup status: HIGH
refresh_hw_device [lindex [get_hw_devices xc7a75t_0] 0]
INFO: [Labtools 27-1434] Device xc7a75t (JTAG device index = 0) is programmed with a design that has no supported debug core(s) in it.
set_property PROBES.FILE {} [get_hw_devices xc7a75t_0]
set_property FULL_PROBES.FILE {} [get_hw_devices xc7a75t_0]
set_property PROGRAM.FILE {C:/Users/wingk/Desktop/Vivado/project_3/project_3.runs/impl_1/ha.bit} [get_hw_devices xc7a75t_0]
program_hw_devices [get_hw_devices xc7a75t_0]
INFO: [Labtools 27-3164] End of startup status: HIGH
refresh_hw_device [lindex [get_hw_devices xc7a75t_0] 0]
INFO: [Labtools 27-1434] Device xc7a75t (JTAG device index = 0) is programmed with a design that has no supported debug core(s) in it.
current_design impl_1
INFO: [Timing 38-35] Done setting XDC timing constraints.
current_design rtl_1
place_ports c Y22
place_ports s AB22
save_constraints -force
reset_run synth_1
WARNING: [Vivado 12-1017] Problems encountered:
1. Failed to delete one or more files in run directory C:/Users/wingk/Desktop/Vivado/project_3/project_3.runs/synth_1

launch_runs impl_1 -jobs 3
WARNING: [Project 1-478] Design 'synth_1' is stale and will not be used when launching 'impl_1'
[Thu Apr 15 11:31:27 2021] Launched synth_1...
Run output will be captured here: C:/Users/wingk/Desktop/Vivado/project_3/project_3.runs/synth_1/runme.log
[Thu Apr 15 11:31:27 2021] Launched impl_1...
Run output will be captured here: C:/Users/wingk/Desktop/Vivado/project_3/project_3.runs/impl_1/runme.log
current_design impl_1
launch_runs impl_1 -to_step write_bitstream -jobs 3
[Thu Apr 15 11:33:37 2021] Launched impl_1...
Run output will be captured here: C:/Users/wingk/Desktop/Vivado/project_3/project_3.runs/impl_1/runme.log
set_property PROBES.FILE {} [get_hw_devices xc7a75t_0]
set_property FULL_PROBES.FILE {} [get_hw_devices xc7a75t_0]
set_property PROGRAM.FILE {C:/Users/wingk/Desktop/Vivado/project_3/project_3.runs/impl_1/ha.bit} [get_hw_devices xc7a75t_0]
program_hw_devices [get_hw_devices xc7a75t_0]
INFO: [Labtools 27-3164] End of startup status: HIGH
refresh_hw_device [lindex [get_hw_devices xc7a75t_0] 0]
INFO: [Labtools 27-1434] Device xc7a75t (JTAG device index = 0) is programmed with a design that has no supported debug core(s) in it.
ERROR: [Labtoolstcl 44-513] HW Target shutdown. Closing target: localhost:3121/xilinx_tcf/Digilent/210308AC4C20
close_sim
INFO: [Simtcl 6-16] Simulation closed
exit
INFO: [Common 17-206] Exiting Vivado at Thu Apr 15 11:52:35 2021...
