#-----------------------------------------------------------
# Vivado v2020.2 (64-bit)
# SW Build 3064766 on Wed Nov 18 09:12:45 MST 2020
# IP Build 3064653 on Wed Nov 18 14:17:31 MST 2020
# Start of session at: Thu Apr  8 11:39:18 2021
# Process ID: 15176
# Current directory: C:/Users/wingk/Desktop/project_1
# Command line: vivado.exe -gui_launcher_event rodinguilauncherevent19464 C:\Users\wingk\Desktop\project_1\project_1.xpr
# Log file: C:/Users/wingk/Desktop/project_1/vivado.log
# Journal file: C:/Users/wingk/Desktop/project_1\vivado.jou
#-----------------------------------------------------------
start_gui
open_project C:/Users/wingk/Desktop/project_1/project_1.xpr
WARNING: [filemgmt 56-3] Default IP Output Path : Could not find the directory 'C:/Users/wingk/Desktop/project_1/project_1.gen/sources_1'.
Scanning sources...
Finished scanning sources
INFO: [IP_Flow 19-234] Refreshing IP repositories
INFO: [IP_Flow 19-1704] No user IP repositories specified
INFO: [IP_Flow 19-2313] Loaded Vivado IP repository 'C:/Xilinx/Vivado/2020.2/data/ip'.
open_project: Time (s): cpu = 00:00:12 ; elapsed = 00:00:05 . Memory (MB): peak = 1015.910 ; gain = 0.000
update_compile_order -fileset sources_1
exit
INFO: [Common 17-206] Exiting Vivado at Thu Apr  8 11:40:40 2021...
